16.8.2024, 17:32:05 - INFO - New connected socket [id: cfoJBOQA3YLLDBtQAAAC] 
16.8.2024, 17:32:05 - INFO - New connected socket [id: 5kZmf-MtBFT6Owq7AAAD] 
16.8.2024, 17:32:05 - INFO - Sample Logger Middleware (userId: 669e950e7ba9a3aaf83fc959)
16.8.2024, 17:32:05 - DEBUG - Getting Accounts: | {"txt":"","type":"","sortBy":{"key":"name","order":"1"}} (userId: 669e950e7ba9a3aaf83fc959)
16.8.2024, 17:32:06 - INFO - Setting socket for user - ID: 669e950e7ba9a3aaf83fc959 for socket [id: 5kZmf-MtBFT6Owq7AAAD] 
16.8.2024, 17:32:06 - INFO - Setting socket for user - ID: 669e950e7ba9a3aaf83fc959 for socket [id: 5kZmf-MtBFT6Owq7AAAD] 
16.8.2024, 17:32:08 - INFO - Emiting event: account-types to user: 669e950e7ba9a3aaf83fc959 socket [id: 5kZmf-MtBFT6Owq7AAAD] (userId: 669e950e7ba9a3aaf83fc959)
16.8.2024, 17:32:10 - INFO - Sample Logger Middleware (userId: 669e950e7ba9a3aaf83fc959)
16.8.2024, 17:32:10 - DEBUG - Getting Accounts: | {"txt":"","type":"","sortBy":{"key":"name","order":"1"}} (userId: 669e950e7ba9a3aaf83fc959)
16.8.2024, 17:32:10 - INFO - Emiting event: account-types to user: 669e950e7ba9a3aaf83fc959 socket [id: 5kZmf-MtBFT6Owq7AAAD] (userId: 669e950e7ba9a3aaf83fc959)
16.8.2024, 17:32:13 - INFO - Socket disconnected [id: undefined] 
16.8.2024, 17:32:13 - INFO - Socket disconnected [id: undefined] 
16.8.2024, 17:32:13 - DEBUG - Getting Accounts: | {"txt":"","type":"","sortBy":{"key":"name","order":"1"}} (userId: 669e950e7ba9a3aaf83fc959)
16.8.2024, 17:32:13 - INFO - New connected socket [id: dc6qJa6XlxihXAhBAAAG] 
16.8.2024, 17:32:13 - INFO - Sample Logger Middleware (userId: 669e950e7ba9a3aaf83fc959)
16.8.2024, 17:32:13 - INFO - New connected socket [id: ZE-YfuQv02lYmI79AAAH] 
16.8.2024, 17:32:14 - INFO - No active socket for user: 669e950e7ba9a3aaf83fc959 (userId: 669e950e7ba9a3aaf83fc959)
16.8.2024, 17:32:14 - INFO - Sample Logger Middleware (userId: 669e950e7ba9a3aaf83fc959)
16.8.2024, 17:32:14 - DEBUG - Getting Accounts: | {"txt":"","type":"","sortBy":{"key":"name","order":"1"}} (userId: 669e950e7ba9a3aaf83fc959)
16.8.2024, 17:32:14 - INFO - No active socket for user: 669e950e7ba9a3aaf83fc959 (userId: 669e950e7ba9a3aaf83fc959)
16.8.2024, 17:32:14 - INFO - Setting socket for user - ID: 669e950e7ba9a3aaf83fc959 for socket [id: ZE-YfuQv02lYmI79AAAH] 
16.8.2024, 17:32:14 - INFO - Setting socket for user - ID: 669e950e7ba9a3aaf83fc959 for socket [id: ZE-YfuQv02lYmI79AAAH] 
